<?xml version="1.0" encoding="UTF-8"?>
<!-- Generated by org.testng.reporters.JUnitReportReporter -->
<testsuite hostname="Santo" failures="0" tests="3" name="SamplePrograms.hhh" time="10.822" errors="0" timestamp="2023-09-05T21:22:24 IST" skipped="0">
  <testcase classname="SamplePrograms.hhh" name="loginTest" time="1.841"/>
  <testcase classname="SamplePrograms.hhh" name="loginTest" time="1.897"/>
  <testcase classname="SamplePrograms.hhh" name="loginTest" time="7.084"/>
</testsuite> <!-- SamplePrograms.hhh -->
